<?xml version="1.0" encoding="UTF-8"?>
<testsuite xmlns:xsi="http://www.w3.org/2001/XMLSchema-instance" xsi:noNamespaceSchemaLocation="https://maven.apache.org/surefire/maven-surefire-plugin/xsd/surefire-test-report-3.0.xsd" version="3.0" name="spl.lae.MainTest" time="0.684" tests="3" errors="0" skipped="0" failures="0">
  <properties>
[...]
</properties>
  <testcase name="testMainBadMathPath" classname="spl.lae.MainTest" time="0.593"/>
  <testcase name="testMainHappyPath" classname="spl.lae.MainTest" time="0.053">
    <system-out><![CDATA[
=== WorkerReport ===
  Worker 1:
  - Busy: false
  - Fatigue: 13455.977342495742
  - Time used: 10940
  - Time idle: 830576
  Worker 2:
  - Busy: false
  - Fatigue: 7336.326250222343
  - Time used: 8791
  - Time idle: 570914
====================

]]></system-out>
  </testcase>
  <testcase name="testFileNotFound" classname="spl.lae.MainTest" time="0.032"/>
</testsuite>